[14:23:25] [main/INFO]: Setting user: ForgeDevName
[14:23:29] [Client thread/INFO]: LWJGL Version: 2.9.1
[14:23:30] [Client thread/ERROR]: Couldn't initialize twitch stream
[14:23:38] [Client thread/INFO]: Reloading ResourceManager: Default, FMLFileResourcePack:Forge Mod Loader, FMLFileResourcePack:Minecraft Forge, FMLFileResourcePack:Not Enough Items, FMLFileResourcePack:Lets Mod
[14:23:39] [Sound Library Loader/INFO]: Sound engine started
[14:23:41] [Client thread/INFO]: Created: 512x256 textures/blocks-atlas
[14:23:41] [Client thread/INFO]: Created: 256x256 textures/items-atlas
[14:23:42] [Client thread/INFO]: Reloading ResourceManager: Default, FMLFileResourcePack:Forge Mod Loader, FMLFileResourcePack:Minecraft Forge, FMLFileResourcePack:Not Enough Items, FMLFileResourcePack:Lets Mod
[14:23:42] [Client thread/INFO]: Created: 256x256 textures/items-atlas
[14:23:42] [Client thread/INFO]: Created: 512x256 textures/blocks-atlas
[14:23:43] [Sound Library Loader/INFO]: Sound engine started
[14:23:48] [Server thread/INFO]: Starting integrated minecraft server version 1.7.10
[14:23:48] [Server thread/INFO]: Generating keypair
[14:23:48] [Server thread/INFO]: Preparing start region for level 0
[14:23:49] [Server thread/INFO]: Changing view distance to 8, from 10
[14:23:50] [Server thread/INFO]: ForgeDevName[local:E:b74ffd3e] logged in with entity id 210 at (-778.9373337075618, 9.0, -1354.9481368506456)
[14:23:50] [Server thread/INFO]: ForgeDevName joined the game
[14:23:51] [Server thread/INFO]: Saving and pausing game...
[14:23:51] [Server thread/INFO]: Saving chunks for level 'New World'/Overworld
[14:23:51] [Server thread/INFO]: Saving chunks for level 'New World'/Nether
[14:23:51] [Server thread/INFO]: Saving chunks for level 'New World'/The End
[14:23:58] [Client thread/WARN]: Unable to play unknown soundEvent: minecraft:none
[14:23:59] [Server thread/INFO]: Saving and pausing game...
[14:23:59] [Server thread/INFO]: Saving chunks for level 'New World'/Overworld
[14:23:59] [Server thread/INFO]: Saving chunks for level 'New World'/Nether
[14:23:59] [Server thread/INFO]: Saving chunks for level 'New World'/The End
[14:24:00] [Client thread/INFO]: Stopping!
[14:24:00] [Server thread/INFO]: Stopping server
[14:24:00] [Server thread/INFO]: Saving players
[14:24:00] [Server thread/INFO]: Saving worlds
[14:24:00] [Server thread/INFO]: Saving chunks for level 'New World'/Overworld
[14:24:00] [Server thread/INFO]: Saving chunks for level 'New World'/Nether
[14:24:00] [Server thread/INFO]: Saving chunks for level 'New World'/The End
[14:24:00] [Client Shutdown Thread/INFO]: Stopping server
[14:24:00] [Client Shutdown Thread/INFO]: Saving players
